d:\dll_fortran\dynamic_ellipse\dynamic_ellipse\x64\release\dynamicellipse.pch
d:\dll_fortran\dynamic_ellipse\dynamic_ellipse\x64\release\vc143.pdb
d:\dll_fortran\dynamic_ellipse\dynamic_ellipse\x64\release\pch.obj
d:\dll_fortran\dynamic_ellipse\dynamic_ellipse\x64\release\loop.obj
d:\dll_fortran\dynamic_ellipse\dynamic_ellipse\x64\release\findcolinearpointlibrary.obj
d:\dll_fortran\dynamic_ellipse\dynamic_ellipse\x64\release\ellipseviewlibrary.obj
d:\dll_fortran\dynamic_ellipse\dynamic_ellipse\x64\release\eliminatelibrary.obj
d:\dll_fortran\dynamic_ellipse\dynamic_ellipse\x64\release\edgeellipselibrary.obj
d:\dll_fortran\dynamic_ellipse\dynamic_ellipse\x64\release\earth2satlibrary.obj
d:\dll_fortran\dynamic_ellipse\dynamic_ellipse\x64\release\dynamic_ellipse.obj
d:\dll_fortran\dynamic_ellipse\dynamic_ellipse\x64\release\dllmain.obj
d:\dll_fortran\dynamic_ellipse\dynamic_ellipse\x64\release\displacementequatplanelibrary.obj
d:\dll_fortran\dynamic_ellipse\dynamic_ellipse\x64\release\determinantlibrary.obj
d:\dll_fortran\dynamic_ellipse\dynamic_ellipse\x64\release\convexlibrary.obj
d:\dll_fortran\dynamic_ellipse\dynamic_ellipse\x64\release\constants.obj
d:\dll_fortran\dynamic_ellipse\dynamic_ellipse\x64\release\centergravitylibrary.obj
d:\dll_fortran\dynamic_ellipse\dynamic_ellipse\x64\release\anglediffstationkeepinglibrary.obj
d:\dll_fortran\dynamic_ellipse\dynamic_ellipse\x64\release\addstationkeepingerrorlibrary.obj
d:\dll_fortran\dynamic_ellipse\dynamic_ellipse\x64\release\addrotationalerrorlibrary.obj
d:\dll_fortran\dynamic_ellipse\dynamic_ellipse\x64\release\addpointingrotationalerrorslibrary.obj
d:\dll_fortran\dynamic_ellipse\dynamic_ellipse\x64\release\addpointingerrorlibrary.obj
d:\dll_fortran\dynamic_ellipse\dynamic_ellipse\x64\release\3pointsellipselibrary.obj
d:\dll_fortran\dynamic_ellipse\dynamic_ellipse\x64\release\2pointspsoutlibrary.obj
d:\dll_fortran\dynamic_ellipse\dynamic_ellipse\x64\release\xprimeyprime2xylibrary.obj
d:\dll_fortran\dynamic_ellipse\dynamic_ellipse\x64\release\updatelongitudelibrary.obj
d:\dll_fortran\dynamic_ellipse\dynamic_ellipse\x64\release\trigonometriceqsolvelibrary.obj
d:\dll_fortran\dynamic_ellipse\dynamic_ellipse\x64\release\transformationmatrixlibrary.obj
d:\dll_fortran\dynamic_ellipse\dynamic_ellipse\x64\release\sat2earthlibrary.obj
d:\dll_fortran\dynamic_ellipse\dynamic_ellipse\x64\release\polar2rectangularlibrary.obj
d:\dll_fortran\dynamic_ellipse\dynamic_ellipse\x64\release\pointscheckellipselibrary.obj
d:\dll_fortran\dynamic_ellipse\dynamic_ellipse\x64\release\solution3lineareqlibrary.obj
d:\dll_fortran\dynamic_ellipse\dynamic_ellipse\x64\release\projectionsatellipselibrary.obj
d:\dll_fortran\dynamic_ellipse\dynamic_ellipse\x64\release\orientationlibrary.obj
d:\dll_fortran\dynamic_ellipse\dynamic_ellipse\x64\release\normvectorlibrary.obj
d:\dll_fortran\dynamic_ellipse\dynamic_ellipse\x64\release\minimumsemiminoraxislibrary.obj
d:\dll_fortran\dynamic_ellipse\dynamic_ellipse\x64\release\minimumsemiminoraxis2library.obj
d:\dll_fortran\dynamic_ellipse\dynamic_ellipse\x64\release\loop1.obj
d:\dll_fortran\dynamic_ellipse\dynamic_ellipse\x64\release\topcalculation.obj
d:\dll_fortran\dynamic_ellipse\x64\release\dynamicellipse.lib
d:\dll_fortran\dynamic_ellipse\x64\release\dynamicellipse.exp
d:\dll_fortran\dynamic_ellipse\x64\release\dynamicellipse.dll
d:\dll_fortran\dynamic_ellipse\dynamic_ellipse\x64\release\dynamicellipse.ipdb
d:\dll_fortran\dynamic_ellipse\x64\release\dynamicellipse.pdb
d:\dll_fortran\dynamic_ellipse\dynamic_ellipse\x64\release\dynamicellipse.iobj
d:\dll_fortran\dynamic_ellipse\dynamic_ellipse\x64\release\dynamic_ellipse.tlog\cl.command.1.tlog
d:\dll_fortran\dynamic_ellipse\dynamic_ellipse\x64\release\dynamic_ellipse.tlog\cl.read.1.tlog
d:\dll_fortran\dynamic_ellipse\dynamic_ellipse\x64\release\dynamic_ellipse.tlog\cl.write.1.tlog
d:\dll_fortran\dynamic_ellipse\dynamic_ellipse\x64\release\dynamic_ellipse.tlog\dynamic_ellipse.write.1u.tlog
d:\dll_fortran\dynamic_ellipse\dynamic_ellipse\x64\release\dynamic_ellipse.tlog\link.command.1.tlog
d:\dll_fortran\dynamic_ellipse\dynamic_ellipse\x64\release\dynamic_ellipse.tlog\link.read.1.tlog
d:\dll_fortran\dynamic_ellipse\dynamic_ellipse\x64\release\dynamic_ellipse.tlog\link.write.1.tlog
