  2PointsPSOUTLibrary.cpp
D:\DLL_Fortran\Dynamic_Ellipse\Dynamic_Ellipse\2PointsPSOUTLibrary.cpp(9,101): warning C4273: 'TwoPts': inconsistent dll linkage
D:\DLL_Fortran\Dynamic_Ellipse\Dynamic_Ellipse\2PointsPSOUTLibrary.h(18,45): message : see previous definition of 'TwoPts'
D:\DLL_Fortran\Dynamic_Ellipse\Dynamic_Ellipse\2PointsPSOUTLibrary.cpp(45,16): warning C4244: 'initializing': conversion from 'double' to 'float', possible loss of data
  3PointsEllipseLibrary.cpp
D:\DLL_Fortran\Dynamic_Ellipse\Dynamic_Ellipse\3PointsEllipseLibrary.cpp(9,117): warning C4273: 'Points3Ellipse': inconsistent dll linkage
D:\DLL_Fortran\Dynamic_Ellipse\Dynamic_Ellipse\3PointsEllipseLibrary.h(18,50): message : see previous definition of 'Points3Ellipse'
D:\DLL_Fortran\Dynamic_Ellipse\Dynamic_Ellipse\3PointsEllipseLibrary.cpp(48,17): warning C4244: 'initializing': conversion from 'double' to 'float', possible loss of data
  DeterminantLibrary.cpp
D:\DLL_Fortran\Dynamic_Ellipse\Dynamic_Ellipse\DeterminantLibrary.cpp(8,60): warning C4273: 'Det': inconsistent dll linkage
D:\DLL_Fortran\Dynamic_Ellipse\Dynamic_Ellipse\DeterminantLibrary.h(17,38): message : see previous definition of 'Det'
D:\DLL_Fortran\Dynamic_Ellipse\Dynamic_Ellipse\DeterminantLibrary.cpp(9,10): warning C4244: 'initializing': conversion from 'double' to 'float', possible loss of data
  Generating Code...
     Creating library D:\DLL_Fortran\Dynamic_Ellipse\x64\Debug\DynamicEllipse.lib and object D:\DLL_Fortran\Dynamic_Ellipse\x64\Debug\DynamicEllipse.exp
LINK : warning LNK4217: symbol 'Det' defined in 'DeterminantLibrary.obj' is imported by '2PointsPSOUTLibrary.obj' in function 'TwoPts'
LINK : warning LNK4217: symbol 'Sol3LinEq' defined in 'Solution3LinearEqLibrary.obj' is imported by '3PointsEllipseLibrary.obj' in function 'Points3Ellipse'
LINK : warning LNK4217: symbol 'UpdateLongitude' defined in 'UpdateLongitudeLibrary.obj' is imported by 'CenterGravityLibrary.obj' in function 'CenterGravity'
LINK : warning LNK4217: symbol 'TrigSolve' defined in 'TrigonometricEqSolveLibrary.obj' is imported by 'MinimumSemiMinorAxis2Library.obj' in function 'MinAxis2'
LINK : warning LNK4217: symbol 'Rad' defined in 'Constants.obj' is imported by 'Polar2RectangularLibrary.obj' in function 'Pol2Rect'
LINK : warning LNK4286: symbol 'Rad' defined in 'Constants.obj' is imported by 'TransformationMatrixLibrary.obj'
LINK : warning LNK4217: symbol 'GEOAlt_EarthRad_rat' defined in 'Constants.obj' is imported by 'TransformationMatrixLibrary.obj' in function 'TransformationMatrix'
  Dynamic_Ellipse.vcxproj -> D:\DLL_Fortran\Dynamic_Ellipse\x64\Debug\DynamicEllipse.dll
